Base path: '/Applications/Unity/Hub/Editor/2019.4.18f1/Unity.app/Contents', plugins path '/Applications/Unity/Hub/Editor/2019.4.18f1/PlaybackEngines'
Cmd: initializeCompiler
Cmd: compileComputeKernel
  api=14 insize=18785 outsize=9901 ok=1
Cmd: translateComputeKernel
  api=14 insize=9375 outsize=16177 ok=1
Cmd: compileComputeKernel
  api=14 insize=5194 outsize=10966 ok=1
Cmd: translateComputeKernel
  api=14 insize=5372 outsize=7542 ok=1
Cmd: compileComputeKernel
  api=14 insize=3278 outsize=48832 ok=1
Cmd: translateComputeKernel
  api=14 insize=48467 outsize=85198 ok=1
Cmd: translateComputeKernel
  api=14 insize=11445 outsize=22657 ok=1
Cmd: compileComputeKernel
  api=14 insize=1957 outsize=1151 ok=1
Cmd: translateComputeKernel
  api=14 insize=6993 outsize=13534 ok=1

Quitting shader compiler process
